Start testing: Jul 09 21:27 EEST
----------------------------------------------------------
1/1 Testing: UnitTests
1/1 Test: UnitTests
Command: "/home/maksim/Рабочий стол/Практика/programDB/bin/UnitTests"
Directory: /home/maksim/Рабочий стол/Практика/programDB
"UnitTests" start time: Jul 09 21:27 EEST
Output:
----------------------------------------------------------
Усі тести успішно пройдені.
<end of output>
Test time =   0.00 sec
----------------------------------------------------------
Test Passed.
"UnitTests" end time: Jul 09 21:27 EEST
"UnitTests" time elapsed: 00:00:00
----------------------------------------------------------

End testing: Jul 09 21:27 EEST
